This file contains any messages produced by compilers while
running configure, to aid debugging if configure makes a mistake.

It was created by feng configure 2.1.0_rc1, which was
generated by GNU Autoconf 2.63.  Invocation command line was

  $ ./configure CFLAGS=-I/usr/local/include LDFLAGS=-L/usr/local/lib -lz

## --------- ##
## Platform. ##
## --------- ##

hostname = localhost
uname -m = i686
uname -r = 2.6.32-279.el6.i686
uname -s = Linux
uname -v = #1 SMP Fri Jun 22 10:59:55 UTC 2012

/usr/bin/uname -p = unknown
/bin/uname -X     = unknown

/bin/arch              = i686
/usr/bin/arch -k       = unknown
/usr/convex/getsysinfo = unknown
/usr/bin/hostinfo      = unknown
/bin/machine           = unknown
/usr/bin/oslevel       = unknown
/bin/universe          = unknown

PATH: /opt/hisi-linux/x86-arm/gcc-3.4.3-uClibc-0.9.28/usr/bin
PATH: /bnc/share/Hi3531_SDK_V1.0.7.0/osdrv/tools/pc_tools/uboot_tools
PATH: /bnc/share/Hi3531_SDK_V1.0.7.0/osdrv/tools/pc_tools
PATH: /opt/hisi-linux/x86-arm/arm-hisiv200-linux/target/bin
PATH: /opt/hisi-linux-nptl/arm-hisiv100-linux/target/bin
PATH: /opt/hisi-linux/x86-arm/arm-hisiv100-linux/target/bin
PATH: /usr/local/bin
PATH: /bin
PATH: /usr/bin
PATH: /usr/local/sbin
PATH: /usr/sbin
PATH: /sbin
PATH: /home/xyc/bin
PATH: /bnc/share/xyc/llvm-3.3-bin/bin


## ----------- ##
## Core tests. ##
## ----------- ##

configure:1998: checking for a BSD-compatible install
configure:2066: result: /usr/bin/install -c
configure:2077: checking whether build environment is sane
configure:2137: result: yes
configure:2278: checking for a thread-safe mkdir -p
configure:2317: result: /bin/mkdir -p
configure:2330: checking for gawk
configure:2346: found /bin/gawk
configure:2357: result: gawk
configure:2368: checking whether make sets $(MAKE)
configure:2390: result: yes
configure:2485: checking whether to enable maintainer-specific portions of Makefiles
configure:2494: result: no
configure:2522: checking for style of include used by make
configure:2550: result: GNU
configure:2620: checking for gcc
configure:2636: found /usr/bin/gcc
configure:2647: result: gcc
configure:2879: checking for C compiler version
configure:2887: gcc --version >&5
gcc (GCC) 4.4.6 20120305 (Red Hat 4.4.6-4)
Copyright (C) 2010 Free Software Foundation, Inc.
This is free software; see the source for copying conditions.  There is NO
warranty; not even for MERCHANTABILITY or FITNESS FOR A PARTICULAR PURPOSE.

configure:2891: $? = 0
configure:2898: gcc -v >&5
Using built-in specs.
Target: i686-redhat-linux
Configured with: ../configure --prefix=/usr --mandir=/usr/share/man --infodir=/usr/share/info --with-bugurl=http://bugzilla.redhat.com/bugzilla --enable-bootstrap --enable-shared --enable-threads=posix --enable-checking=release --with-system-zlib --enable-__cxa_atexit --disable-libunwind-exceptions --enable-gnu-unique-object --enable-languages=c,c++,objc,obj-c++,java,fortran,ada --enable-java-awt=gtk --disable-dssi --with-java-home=/usr/lib/jvm/java-1.5.0-gcj-1.5.0.0/jre --enable-libgcj-multifile --enable-java-maintainer-mode --with-ecj-jar=/usr/share/java/eclipse-ecj.jar --disable-libjava-multilib --with-ppl --with-cloog --with-tune=generic --with-arch=i686 --build=i686-redhat-linux
Thread model: posix
gcc version 4.4.6 20120305 (Red Hat 4.4.6-4) (GCC) 
configure:2902: $? = 0
configure:2909: gcc -V >&5
gcc: '-V' option must have argument
configure:2913: $? = 1
configure:2936: checking for C compiler default output file name
configure:2958: gcc -I/usr/local/include  -L/usr/local/lib -lz conftest.c  >&5
configure:2962: $? = 0
configure:3000: result: a.out
configure:3019: checking whether the C compiler works
configure:3029: ./a.out
configure:3033: $? = 0
configure:3052: result: yes
configure:3059: checking whether we are cross compiling
configure:3061: result: no
configure:3064: checking for suffix of executables
configure:3071: gcc -o conftest -I/usr/local/include  -L/usr/local/lib -lz conftest.c  >&5
configure:3075: $? = 0
configure:3101: result: 
configure:3107: checking for suffix of object files
configure:3133: gcc -c -I/usr/local/include  conftest.c >&5
configure:3137: $? = 0
configure:3162: result: o
configure:3166: checking whether we are using the GNU C compiler
configure:3195: gcc -c -I/usr/local/include  conftest.c >&5
configure:3202: $? = 0
configure:3219: result: yes
configure:3228: checking whether gcc accepts -g
configure:3258: gcc -c -g  conftest.c >&5
configure:3265: $? = 0
configure:3366: result: yes
configure:3383: checking for gcc option to accept ISO C89
configure:3457: gcc  -c -I/usr/local/include  conftest.c >&5
configure:3464: $? = 0
configure:3487: result: none needed
configure:3507: checking dependency style of gcc
configure:3617: result: gcc3
configure:3632: checking for gcc option to accept ISO C99
configure:3791: gcc  -c -I/usr/local/include  conftest.c >&5
conftest.c:60: error: expected ';', ',' or ')' before 'text'
conftest.c: In function 'main':
conftest.c:114: error: expected '=', ',', ';', 'asm' or '__attribute__' before 'newvar'
conftest.c:114: error: 'newvar' undeclared (first use in this function)
conftest.c:114: error: (Each undeclared identifier is reported only once
conftest.c:114: error: for each function it appears in.)
conftest.c:124: error: 'for' loop initial declarations are only allowed in C99 mode
conftest.c:124: note: use option -std=c99 or -std=gnu99 to compile your code
configure:3798: $? = 1
configure: failed program was:
| /* confdefs.h.  */
| #define PACKAGE_NAME "feng"
| #define PACKAGE_TARNAME "feng"
| #define PACKAGE_VERSION "2.1.0_rc1"
| #define PACKAGE_STRING "feng 2.1.0_rc1"
| #define PACKAGE_BUGREPORT ""
| #define PACKAGE "feng"
| #define VERSION "2.1.0_rc1"
| /* end confdefs.h.  */
| #include <stdarg.h>
| #include <stdbool.h>
| #include <stdlib.h>
| #include <wchar.h>
| #include <stdio.h>
| 
| // Check varargs macros.  These examples are taken from C99 6.10.3.5.
| #define debug(...) fprintf (stderr, __VA_ARGS__)
| #define showlist(...) puts (#__VA_ARGS__)
| #define report(test,...) ((test) ? puts (#test) : printf (__VA_ARGS__))
| static void
| test_varargs_macros (void)
| {
|   int x = 1234;
|   int y = 5678;
|   debug ("Flag");
|   debug ("X = %d\n", x);
|   showlist (The first, second, and third items.);
|   report (x>y, "x is %d but y is %d", x, y);
| }
| 
| // Check long long types.
| #define BIG64 18446744073709551615ull
| #define BIG32 4294967295ul
| #define BIG_OK (BIG64 / BIG32 == 4294967297ull && BIG64 % BIG32 == 0)
| #if !BIG_OK
|   your preprocessor is broken;
| #endif
| #if BIG_OK
| #else
|   your preprocessor is broken;
| #endif
| static long long int bignum = -9223372036854775807LL;
| static unsigned long long int ubignum = BIG64;
| 
| struct incomplete_array
| {
|   int datasize;
|   double data[];
| };
| 
| struct named_init {
|   int number;
|   const wchar_t *name;
|   double average;
| };
| 
| typedef const char *ccp;
| 
| static inline int
| test_restrict (ccp restrict text)
| {
|   // See if C++-style comments work.
|   // Iterate through items via the restricted pointer.
|   // Also check for declarations in for loops.
|   for (unsigned int i = 0; *(text+i) != '\0'; ++i)
|     continue;
|   return 0;
| }
| 
| // Check varargs and va_copy.
| static void
| test_varargs (const char *format, ...)
| {
|   va_list args;
|   va_start (args, format);
|   va_list args_copy;
|   va_copy (args_copy, args);
| 
|   const char *str;
|   int number;
|   float fnumber;
| 
|   while (*format)
|     {
|       switch (*format++)
| 	{
| 	case 's': // string
| 	  str = va_arg (args_copy, const char *);
| 	  break;
| 	case 'd': // int
| 	  number = va_arg (args_copy, int);
| 	  break;
| 	case 'f': // float
| 	  fnumber = va_arg (args_copy, double);
| 	  break;
| 	default:
| 	  break;
| 	}
|     }
|   va_end (args_copy);
|   va_end (args);
| }
| 
| int
| main ()
| {
| 
|   // Check bool.
|   _Bool success = false;
| 
|   // Check restrict.
|   if (test_restrict ("String literal") == 0)
|     success = true;
|   char *restrict newvar = "Another string";
| 
|   // Check varargs.
|   test_varargs ("s, d' f .", "string", 65, 34.234);
|   test_varargs_macros ();
| 
|   // Check flexible array members.
|   struct incomplete_array *ia =
|     malloc (sizeof (struct incomplete_array) + (sizeof (double) * 10));
|   ia->datasize = 10;
|   for (int i = 0; i < ia->datasize; ++i)
|     ia->data[i] = i * 1.234;
| 
|   // Check named initializers.
|   struct named_init ni = {
|     .number = 34,
|     .name = L"Test wide string",
|     .average = 543.34343,
|   };
| 
|   ni.number = 58;
| 
|   int dynamic_array[ni.number];
|   dynamic_array[ni.number - 1] = 543;
| 
|   // work around unused variable warnings
|   return (!success || bignum == 0LL || ubignum == 0uLL || newvar[0] == 'x'
| 	  || dynamic_array[ni.number - 1] != 543);
| 
|   ;
|   return 0;
| }
configure:3791: gcc -std=gnu99 -c -I/usr/local/include  conftest.c >&5
configure:3798: $? = 0
configure:3828: result: -std=gnu99
configure:3886: checking for ranlib
configure:3902: found /usr/bin/ranlib
configure:3913: result: ranlib
configure:3942: checking how to run the C preprocessor
configure:3982: gcc -std=gnu99 -E  conftest.c
configure:3989: $? = 0
configure:4020: gcc -std=gnu99 -E  conftest.c
conftest.c:10:28: error: ac_nonexistent.h: No such file or directory
configure:4027: $? = 1
configure: failed program was:
| /* confdefs.h.  */
| #define PACKAGE_NAME "feng"
| #define PACKAGE_TARNAME "feng"
| #define PACKAGE_VERSION "2.1.0_rc1"
| #define PACKAGE_STRING "feng 2.1.0_rc1"
| #define PACKAGE_BUGREPORT ""
| #define PACKAGE "feng"
| #define VERSION "2.1.0_rc1"
| /* end confdefs.h.  */
| #include <ac_nonexistent.h>
configure:4060: result: gcc -std=gnu99 -E
configure:4089: gcc -std=gnu99 -E  conftest.c
configure:4096: $? = 0
configure:4127: gcc -std=gnu99 -E  conftest.c
conftest.c:10:28: error: ac_nonexistent.h: No such file or directory
configure:4134: $? = 1
configure: failed program was:
| /* confdefs.h.  */
| #define PACKAGE_NAME "feng"
| #define PACKAGE_TARNAME "feng"
| #define PACKAGE_VERSION "2.1.0_rc1"
| #define PACKAGE_STRING "feng 2.1.0_rc1"
| #define PACKAGE_BUGREPORT ""
| #define PACKAGE "feng"
| #define VERSION "2.1.0_rc1"
| /* end confdefs.h.  */
| #include <ac_nonexistent.h>
configure:4174: checking for grep that handles long lines and -e
configure:4234: result: /bin/grep
configure:4239: checking for egrep
configure:4303: result: /bin/grep -E
configure:4308: checking for ANSI C header files
configure:4338: gcc -std=gnu99 -c -I/usr/local/include  conftest.c >&5
configure:4345: $? = 0
configure:4444: gcc -std=gnu99 -o conftest -I/usr/local/include  -L/usr/local/lib -lz conftest.c  >&5
configure:4448: $? = 0
configure:4454: ./conftest
configure:4458: $? = 0
configure:4476: result: yes
configure:4500: checking for sys/types.h
configure:4521: gcc -std=gnu99 -c -I/usr/local/include  conftest.c >&5
configure:4528: $? = 0
configure:4545: result: yes
configure:4500: checking for sys/stat.h
configure:4521: gcc -std=gnu99 -c -I/usr/local/include  conftest.c >&5
configure:4528: $? = 0
configure:4545: result: yes
configure:4500: checking for stdlib.h
configure:4521: gcc -std=gnu99 -c -I/usr/local/include  conftest.c >&5
configure:4528: $? = 0
configure:4545: result: yes
configure:4500: checking for string.h
configure:4521: gcc -std=gnu99 -c -I/usr/local/include  conftest.c >&5
configure:4528: $? = 0
configure:4545: result: yes
configure:4500: checking for memory.h
configure:4521: gcc -std=gnu99 -c -I/usr/local/include  conftest.c >&5
configure:4528: $? = 0
configure:4545: result: yes
configure:4500: checking for strings.h
configure:4521: gcc -std=gnu99 -c -I/usr/local/include  conftest.c >&5
configure:4528: $? = 0
configure:4545: result: yes
configure:4500: checking for inttypes.h
configure:4521: gcc -std=gnu99 -c -I/usr/local/include  conftest.c >&5
configure:4528: $? = 0
configure:4545: result: yes
configure:4500: checking for stdint.h
configure:4521: gcc -std=gnu99 -c -I/usr/local/include  conftest.c >&5
configure:4528: $? = 0
configure:4545: result: yes
configure:4500: checking for unistd.h
configure:4521: gcc -std=gnu99 -c -I/usr/local/include  conftest.c >&5
configure:4528: $? = 0
configure:4545: result: yes
configure:4570: checking minix/config.h usability
configure:4587: gcc -std=gnu99 -c -I/usr/local/include  conftest.c >&5
conftest.c:53:26: error: minix/config.h: No such file or directory
configure:4594: $? = 1
configure: failed program was:
| /* confdefs.h.  */
| #define PACKAGE_NAME "feng"
| #define PACKAGE_TARNAME "feng"
| #define PACKAGE_VERSION "2.1.0_rc1"
| #define PACKAGE_STRING "feng 2.1.0_rc1"
| #define PACKAGE_BUGREPORT ""
| #define PACKAGE "feng"
| #define VERSION "2.1.0_rc1"
| #define STDC_HEADERS 1
| #define HAVE_SYS_TYPES_H 1
| #define HAVE_SYS_STAT_H 1
| #define HAVE_STDLIB_H 1
| #define HAVE_STRING_H 1
| #define HAVE_MEMORY_H 1
| #define HAVE_STRINGS_H 1
| #define HAVE_INTTYPES_H 1
| #define HAVE_STDINT_H 1
| #define HAVE_UNISTD_H 1
| /* end confdefs.h.  */
| #include <stdio.h>
| #ifdef HAVE_SYS_TYPES_H
| # include <sys/types.h>
| #endif
| #ifdef HAVE_SYS_STAT_H
| # include <sys/stat.h>
| #endif
| #ifdef STDC_HEADERS
| # include <stdlib.h>
| # include <stddef.h>
| #else
| # ifdef HAVE_STDLIB_H
| #  include <stdlib.h>
| # endif
| #endif
| #ifdef HAVE_STRING_H
| # if !defined STDC_HEADERS && defined HAVE_MEMORY_H
| #  include <memory.h>
| # endif
| # include <string.h>
| #endif
| #ifdef HAVE_STRINGS_H
| # include <strings.h>
| #endif
| #ifdef HAVE_INTTYPES_H
| # include <inttypes.h>
| #endif
| #ifdef HAVE_STDINT_H
| # include <stdint.h>
| #endif
| #ifdef HAVE_UNISTD_H
| # include <unistd.h>
| #endif
| #include <minix/config.h>
configure:4608: result: no
configure:4612: checking minix/config.h presence
configure:4627: gcc -std=gnu99 -E  conftest.c
conftest.c:20:26: error: minix/config.h: No such file or directory
configure:4634: $? = 1
configure: failed program was:
| /* confdefs.h.  */
| #define PACKAGE_NAME "feng"
| #define PACKAGE_TARNAME "feng"
| #define PACKAGE_VERSION "2.1.0_rc1"
| #define PACKAGE_STRING "feng 2.1.0_rc1"
| #define PACKAGE_BUGREPORT ""
| #define PACKAGE "feng"
| #define VERSION "2.1.0_rc1"
| #define STDC_HEADERS 1
| #define HAVE_SYS_TYPES_H 1
| #define HAVE_SYS_STAT_H 1
| #define HAVE_STDLIB_H 1
| #define HAVE_STRING_H 1
| #define HAVE_MEMORY_H 1
| #define HAVE_STRINGS_H 1
| #define HAVE_INTTYPES_H 1
| #define HAVE_STDINT_H 1
| #define HAVE_UNISTD_H 1
| /* end confdefs.h.  */
| #include <minix/config.h>
configure:4648: result: no
configure:4676: checking for minix/config.h
configure:4683: result: no
configure:4714: checking whether it is safe to define __EXTENSIONS__
configure:4742: gcc -std=gnu99 -c -I/usr/local/include  conftest.c >&5
configure:4749: $? = 0
configure:4764: result: yes
configure:4796: checking build system type
configure:4814: result: i686-pc-linux-gnu
configure:4836: checking host system type
configure:4851: result: i686-pc-linux-gnu
configure:4942: checking ev.h usability
configure:4959: gcc -std=gnu99 -c -I/usr/local/include  -D_POSIX_C_SOURCE=200112L conftest.c >&5
configure:4966: $? = 0
configure:4980: result: yes
configure:4984: checking ev.h presence
configure:4999: gcc -std=gnu99 -E  -D_POSIX_C_SOURCE=200112L conftest.c
configure:5006: $? = 0
configure:5020: result: yes
configure:5048: checking for ev.h
configure:5057: result: yes
configure:5069: checking for ev_io_start in -lev
configure:5104: gcc -std=gnu99 -o conftest -I/usr/local/include  -D_POSIX_C_SOURCE=200112L -L/usr/local/lib -lz conftest.c -lev   >&5
configure:5111: $? = 0
configure:5132: result: yes
configure:5194: checking syslog.h usability
configure:5211: gcc -std=gnu99 -c -I/usr/local/include  -D_POSIX_C_SOURCE=200112L conftest.c >&5
configure:5218: $? = 0
configure:5232: result: yes
configure:5236: checking syslog.h presence
configure:5251: gcc -std=gnu99 -E  -D_POSIX_C_SOURCE=200112L conftest.c
configure:5258: $? = 0
configure:5272: result: yes
configure:5300: checking for syslog.h
configure:5309: result: yes
configure:5333: checking for library containing clock_gettime
configure:5374: gcc -std=gnu99 -o conftest -I/usr/local/include  -D_POSIX_C_SOURCE=200112L -L/usr/local/lib -lz conftest.c -lev  >&5
/tmp/ccqxyuWY.o: In function `main':
conftest.c:(.text+0x7): undefined reference to `clock_gettime'
collect2: ld returned 1 exit status
configure:5381: $? = 1
configure: failed program was:
| /* confdefs.h.  */
| #define PACKAGE_NAME "feng"
| #define PACKAGE_TARNAME "feng"
| #define PACKAGE_VERSION "2.1.0_rc1"
| #define PACKAGE_STRING "feng 2.1.0_rc1"
| #define PACKAGE_BUGREPORT ""
| #define PACKAGE "feng"
| #define VERSION "2.1.0_rc1"
| #define STDC_HEADERS 1
| #define HAVE_SYS_TYPES_H 1
| #define HAVE_SYS_STAT_H 1
| #define HAVE_STDLIB_H 1
| #define HAVE_STRING_H 1
| #define HAVE_MEMORY_H 1
| #define HAVE_STRINGS_H 1
| #define HAVE_INTTYPES_H 1
| #define HAVE_STDINT_H 1
| #define HAVE_UNISTD_H 1
| #define __EXTENSIONS__ 1
| #define _ALL_SOURCE 1
| #define _GNU_SOURCE 1
| #define _POSIX_PTHREAD_SEMANTICS 1
| #define _TANDEM_SOURCE 1
| #define HAVE_EV_H 1
| #define HAVE_LIBEV 1
| #define HAVE_SYSLOG_H 1
| /* end confdefs.h.  */
| 
| /* Override any GCC internal prototype to avoid an error.
|    Use char because int might match the return type of a GCC
|    builtin and then its argument prototype would still apply.  */
| #ifdef __cplusplus
| extern "C"
| #endif
| char clock_gettime ();
| int
| main ()
| {
| return clock_gettime ();
|   ;
|   return 0;
| }
configure:5374: gcc -std=gnu99 -o conftest -I/usr/local/include  -D_POSIX_C_SOURCE=200112L -L/usr/local/lib -lz conftest.c -lrt  -lev  >&5
configure:5381: $? = 0
configure:5412: result: -lrt
configure:5426: checking for gcc -std=gnu99 way to treat warnings as errors
configure:5446: gcc -std=gnu99 -c -I/usr/local/include -Werror  -D_POSIX_C_SOURCE=200112L conftest.c >&5
configure:5453: $? = 0
configure:5526: result: -Werror
configure:5532: checking if gcc -std=gnu99 supports __attribute__(( destructor ))
configure:5549: gcc -std=gnu99 -c -I/usr/local/include -Werror  -D_POSIX_C_SOURCE=200112L conftest.c >&5
configure:5556: $? = 0
configure:5573: result: yes
configure:5591: checking for struct sockaddr_storage
configure:5620: gcc -std=gnu99 -c -I/usr/local/include  -D_POSIX_C_SOURCE=200112L conftest.c >&5
configure:5627: $? = 0
configure:5655: gcc -std=gnu99 -c -I/usr/local/include  -D_POSIX_C_SOURCE=200112L conftest.c >&5
conftest.c: In function 'main':
conftest.c:35: error: expected expression before ')' token
configure:5662: $? = 1
configure: failed program was:
| /* confdefs.h.  */
| #define PACKAGE_NAME "feng"
| #define PACKAGE_TARNAME "feng"
| #define PACKAGE_VERSION "2.1.0_rc1"
| #define PACKAGE_STRING "feng 2.1.0_rc1"
| #define PACKAGE_BUGREPORT ""
| #define PACKAGE "feng"
| #define VERSION "2.1.0_rc1"
| #define STDC_HEADERS 1
| #define HAVE_SYS_TYPES_H 1
| #define HAVE_SYS_STAT_H 1
| #define HAVE_STDLIB_H 1
| #define HAVE_STRING_H 1
| #define HAVE_MEMORY_H 1
| #define HAVE_STRINGS_H 1
| #define HAVE_INTTYPES_H 1
| #define HAVE_STDINT_H 1
| #define HAVE_UNISTD_H 1
| #define __EXTENSIONS__ 1
| #define _ALL_SOURCE 1
| #define _GNU_SOURCE 1
| #define _POSIX_PTHREAD_SEMANTICS 1
| #define _TANDEM_SOURCE 1
| #define HAVE_EV_H 1
| #define HAVE_LIBEV 1
| #define HAVE_SYSLOG_H 1
| #define HAVE_CLOCK_GETTIME 1
| #define SUPPORT_ATTRIBUTE_DESTRUCTOR 1
| /* end confdefs.h.  */
| #include <sys/socket.h>
| 
| int
| main ()
| {
| if (sizeof ((struct sockaddr_storage)))
| 	  return 0;
|   ;
|   return 0;
| }
configure:5685: result: yes
configure:5707: checking for ragel
configure:5723: found /usr/local/bin/ragel
configure:5735: result: ragel
configure:5797: checking whether to check for IPv6
configure:5801: result: yes
configure:5803: checking for struct sockaddr_in6
configure:5834: gcc -std=gnu99 -c -I/usr/local/include  -D_POSIX_C_SOURCE=200112L conftest.c >&5
configure:5841: $? = 0
configure:5871: gcc -std=gnu99 -c -I/usr/local/include  -D_POSIX_C_SOURCE=200112L conftest.c >&5
conftest.c: In function 'main':
conftest.c:38: error: expected expression before ')' token
configure:5878: $? = 1
configure: failed program was:
| /* confdefs.h.  */
| #define PACKAGE_NAME "feng"
| #define PACKAGE_TARNAME "feng"
| #define PACKAGE_VERSION "2.1.0_rc1"
| #define PACKAGE_STRING "feng 2.1.0_rc1"
| #define PACKAGE_BUGREPORT ""
| #define PACKAGE "feng"
| #define VERSION "2.1.0_rc1"
| #define STDC_HEADERS 1
| #define HAVE_SYS_TYPES_H 1
| #define HAVE_SYS_STAT_H 1
| #define HAVE_STDLIB_H 1
| #define HAVE_STRING_H 1
| #define HAVE_MEMORY_H 1
| #define HAVE_STRINGS_H 1
| #define HAVE_INTTYPES_H 1
| #define HAVE_STDINT_H 1
| #define HAVE_UNISTD_H 1
| #define __EXTENSIONS__ 1
| #define _ALL_SOURCE 1
| #define _GNU_SOURCE 1
| #define _POSIX_PTHREAD_SEMANTICS 1
| #define _TANDEM_SOURCE 1
| #define HAVE_EV_H 1
| #define HAVE_LIBEV 1
| #define HAVE_SYSLOG_H 1
| #define HAVE_CLOCK_GETTIME 1
| #define SUPPORT_ATTRIBUTE_DESTRUCTOR 1
| #define HAVE_STRUCT_SOCKADDR_STORAGE 1
| /* end confdefs.h.  */
| 
|        #include <netinet/in.h>
| 
| 
| int
| main ()
| {
| if (sizeof ((struct sockaddr_in6)))
| 	  return 0;
|   ;
|   return 0;
| }
configure:5901: result: yes
configure:5931: checking whether to enable SCTP support
configure:5935: result: yes, checking prerequisites
configure:5954: checking sys/socket.h usability
configure:5971: gcc -std=gnu99 -c -I/usr/local/include  -D_POSIX_C_SOURCE=200112L conftest.c >&5
configure:5978: $? = 0
configure:5992: result: yes
configure:5996: checking sys/socket.h presence
configure:6011: gcc -std=gnu99 -E  -D_POSIX_C_SOURCE=200112L conftest.c
configure:6018: $? = 0
configure:6032: result: yes
configure:6060: checking for sys/socket.h
configure:6069: result: yes
configure:6085: checking for struct sctp_sndrcvinfo
configure:6118: gcc -std=gnu99 -c -I/usr/local/include  -D_POSIX_C_SOURCE=200112L conftest.c >&5
conftest.c:36:33: error: netinet/sctp.h: No such file or directory
conftest.c: In function 'main':
conftest.c:42: error: invalid application of 'sizeof' to incomplete type 'struct sctp_sndrcvinfo' 
configure:6125: $? = 1
configure: failed program was:
| /* confdefs.h.  */
| #define PACKAGE_NAME "feng"
| #define PACKAGE_TARNAME "feng"
| #define PACKAGE_VERSION "2.1.0_rc1"
| #define PACKAGE_STRING "feng 2.1.0_rc1"
| #define PACKAGE_BUGREPORT ""
| #define PACKAGE "feng"
| #define VERSION "2.1.0_rc1"
| #define STDC_HEADERS 1
| #define HAVE_SYS_TYPES_H 1
| #define HAVE_SYS_STAT_H 1
| #define HAVE_STDLIB_H 1
| #define HAVE_STRING_H 1
| #define HAVE_MEMORY_H 1
| #define HAVE_STRINGS_H 1
| #define HAVE_INTTYPES_H 1
| #define HAVE_STDINT_H 1
| #define HAVE_UNISTD_H 1
| #define __EXTENSIONS__ 1
| #define _ALL_SOURCE 1
| #define _GNU_SOURCE 1
| #define _POSIX_PTHREAD_SEMANTICS 1
| #define _TANDEM_SOURCE 1
| #define HAVE_EV_H 1
| #define HAVE_LIBEV 1
| #define HAVE_SYSLOG_H 1
| #define HAVE_CLOCK_GETTIME 1
| #define SUPPORT_ATTRIBUTE_DESTRUCTOR 1
| #define HAVE_STRUCT_SOCKADDR_STORAGE 1
| #define IPV6 1
| #define HAVE_SYS_SOCKET_H 1
| /* end confdefs.h.  */
| #ifdef HAVE_SYS_SOCKET_H
|        #include <sys/socket.h>
|        #endif
|        #include <netinet/sctp.h>
| 
| 
| int
| main ()
| {
| if (sizeof (struct sctp_sndrcvinfo))
|        return 0;
|   ;
|   return 0;
| }
configure:6187: result: no
configure:6290: WARNING: SCTP disabled: headers not found
configure:6372: checking for pkg-config
configure:6390: found /usr/bin/pkg-config
configure:6402: result: /usr/bin/pkg-config
configure:6427: checking pkg-config is at least version 0.9.0
configure:6430: result: yes
configure:6441: checking for LIBNETEMBRYO
configure:6448: $PKG_CONFIG --exists --print-errors "$LIBNETEMBRYO_REQUIRES"
configure:6451: $? = 0
configure:6464: $PKG_CONFIG --exists --print-errors "$LIBNETEMBRYO_REQUIRES"
configure:6467: $? = 0
configure:6544: result: yes
configure:6554: checking for library containing mq_open
configure:6595: gcc -std=gnu99 -o conftest -I/usr/local/include  -D_POSIX_C_SOURCE=200112L   -L/usr/local/lib -lz conftest.c -lrt -lev   -lnetembryo   >&5
configure:6602: $? = 0
configure:6633: result: none required
configure:6819: checking for GLIB
configure:6826: $PKG_CONFIG --exists --print-errors "glib-2.0 >= 2.16 gthread-2.0"
configure:6829: $? = 0
configure:6842: $PKG_CONFIG --exists --print-errors "glib-2.0 >= 2.16 gthread-2.0"
configure:6845: $? = 0
configure:6922: result: yes
configure:6934: checking for LIBAVFORMAT
configure:6941: $PKG_CONFIG --exists --print-errors "libavformat >= 52.7.0 libavcodec >= 51"
configure:6944: $? = 0
configure:6957: $PKG_CONFIG --exists --print-errors "libavformat >= 52.7.0 libavcodec >= 51"
configure:6960: $? = 0
configure:7037: result: yes
configure:7051: checking for LIBAVUTIL
configure:7058: $PKG_CONFIG --exists --print-errors "libavutil >= 49.6.0"
configure:7061: $? = 0
configure:7074: $PKG_CONFIG --exists --print-errors "libavutil >= 49.6.0"
configure:7077: $? = 0
configure:7112: result: yes
configure:7147: checking if gcc -std=gnu99 supports __attribute__(( unused ))
configure:7163: gcc -std=gnu99 -c -I/usr/local/include -pthread -I/usr/include/glib-2.0 -I/usr/lib/glib-2.0/include   -I/home/xyc/work/tmp/lscube/ffmpeg_install//include   -I/home/xyc/work/tmp/lscube/ffmpeg_install//include   -Werror  -D_POSIX_C_SOURCE=200112L   conftest.c >&5
configure:7170: $? = 0
configure:7187: result: yes
configure:7404: checking if gcc -std=gnu99 supports -Wall flag
configure:7424: gcc -std=gnu99 -c -I/usr/local/include -pthread -I/usr/include/glib-2.0 -I/usr/lib/glib-2.0/include   -I/home/xyc/work/tmp/lscube/ffmpeg_install//include   -I/home/xyc/work/tmp/lscube/ffmpeg_install//include   -Wall  -D_POSIX_C_SOURCE=200112L   conftest.c >&5
configure:7431: $? = 0
configure:7455: result: yes
configure:7404: checking if gcc -std=gnu99 supports -Wwrite-strings flag
configure:7424: gcc -std=gnu99 -c -I/usr/local/include -pthread -I/usr/include/glib-2.0 -I/usr/lib/glib-2.0/include   -I/home/xyc/work/tmp/lscube/ffmpeg_install//include   -I/home/xyc/work/tmp/lscube/ffmpeg_install//include   -Wall -Wwrite-strings  -D_POSIX_C_SOURCE=200112L   conftest.c >&5
configure:7431: $? = 0
configure:7455: result: yes
configure:7468: checking if gcc -std=gnu99 supports -Wformat=2 flag
configure:7488: gcc -std=gnu99 -c -I/usr/local/include -pthread -I/usr/include/glib-2.0 -I/usr/lib/glib-2.0/include   -I/home/xyc/work/tmp/lscube/ffmpeg_install//include   -I/home/xyc/work/tmp/lscube/ffmpeg_install//include   -Wall -Wwrite-strings -Wformat=2  -D_POSIX_C_SOURCE=200112L   conftest.c >&5
configure:7495: $? = 0
configure:7519: result: yes
configure:7532: checking if gcc -std=gnu99 supports -Werror=implicit flag
configure:7552: gcc -std=gnu99 -c -I/usr/local/include -pthread -I/usr/include/glib-2.0 -I/usr/lib/glib-2.0/include   -I/home/xyc/work/tmp/lscube/ffmpeg_install//include   -I/home/xyc/work/tmp/lscube/ffmpeg_install//include   -Wall -Wwrite-strings -Wformat=2 -Werror=implicit  -D_POSIX_C_SOURCE=200112L   conftest.c >&5
configure:7559: $? = 0
configure:7583: result: yes
configure:7596: checking if gcc -std=gnu99 supports -Werror=return-type flag
configure:7616: gcc -std=gnu99 -c -I/usr/local/include -pthread -I/usr/include/glib-2.0 -I/usr/lib/glib-2.0/include   -I/home/xyc/work/tmp/lscube/ffmpeg_install//include   -I/home/xyc/work/tmp/lscube/ffmpeg_install//include   -Wall -Wwrite-strings -Wformat=2 -Werror=implicit -Werror=return-type  -D_POSIX_C_SOURCE=200112L   conftest.c >&5
configure:7623: $? = 0
configure:7647: result: yes
configure:7730: checking if gcc -std=gnu99 supports -DNDEBUG flag
configure:7750: gcc -std=gnu99 -c -I/usr/local/include -pthread -I/usr/include/glib-2.0 -I/usr/lib/glib-2.0/include   -I/home/xyc/work/tmp/lscube/ffmpeg_install//include   -I/home/xyc/work/tmp/lscube/ffmpeg_install//include   -Wall -Wwrite-strings -Wformat=2 -Werror=implicit -Werror=return-type -DNDEBUG  -D_POSIX_C_SOURCE=200112L   conftest.c >&5
configure:7757: $? = 0
configure:7781: result: yes
configure:7730: checking if gcc -std=gnu99 supports -DG_DISABLE_ASSERT flag
configure:7750: gcc -std=gnu99 -c -I/usr/local/include -pthread -I/usr/include/glib-2.0 -I/usr/lib/glib-2.0/include   -I/home/xyc/work/tmp/lscube/ffmpeg_install//include   -I/home/xyc/work/tmp/lscube/ffmpeg_install//include   -Wall -Wwrite-strings -Wformat=2 -Werror=implicit -Werror=return-type -DNDEBUG -DG_DISABLE_ASSERT  -D_POSIX_C_SOURCE=200112L   conftest.c >&5
configure:7757: $? = 0
configure:7781: result: yes
configure:7904: checking whether we need git to generate ChangeLog
configure:7907: result: no, we're good
configure:8154: creating ./config.status

## ---------------------- ##
## Running config.status. ##
## ---------------------- ##

This file was extended by feng config.status 2.1.0_rc1, which was
generated by GNU Autoconf 2.63.  Invocation command line was

  CONFIG_FILES    = 
  CONFIG_HEADERS  = 
  CONFIG_LINKS    = 
  CONFIG_COMMANDS = 
  $ ./config.status 

on localhost

config.status:861: creating Makefile
config.status:861: creating src/Makefile
config.status:861: creating etc/feng.conf
config.status:861: creating etc/feng-uninstalled.conf
config.status:861: creating Doxyfile
config.status:861: creating config.h
config.status:1135: executing depfiles commands
configure:9500:
debug enabled ................ : no
 mudflap enabled ............. : no
  errors enabled ............. : none
  
configure:9526: config files successfully generated!

Feng Install prefix .......... : /usr
Feng Binary path ............. : /usr/bin/feng
Feng Configuration path ...... : /etc
Feng Log File ................ : /var/log/feng.log
Feng Multimedia Files root ... : /var/feng/avroot
Feng RTSP listening port ..... : 554

live streaming supported...... : yes
sctp support enabled ......... : yes
avformat support enabled ..... : yes
avutil support enabled ....... : yes
 duma enabled ................ : 

metadata support enabled...... : no

 'make' will now compile Feng and 'su -c make install' will install it.
 Note: On non-Linux systems you might need to use 'gmake' instead of 'make'.


## ---------------- ##
## Cache variables. ##
## ---------------- ##

ac_cv_build=i686-pc-linux-gnu
ac_cv_c_compiler_gnu=yes
ac_cv_env_CC_set=
ac_cv_env_CC_value=
ac_cv_env_CFLAGS_set=set
ac_cv_env_CFLAGS_value=-I/usr/local/include
ac_cv_env_CPPFLAGS_set=
ac_cv_env_CPPFLAGS_value=
ac_cv_env_CPP_set=
ac_cv_env_CPP_value=
ac_cv_env_GLIB_CFLAGS_set=
ac_cv_env_GLIB_CFLAGS_value=
ac_cv_env_GLIB_LIBS_set=
ac_cv_env_GLIB_LIBS_value=
ac_cv_env_LDFLAGS_set=set
ac_cv_env_LDFLAGS_value='-L/usr/local/lib -lz'
ac_cv_env_LIBAVFORMAT_CFLAGS_set=
ac_cv_env_LIBAVFORMAT_CFLAGS_value=
ac_cv_env_LIBAVFORMAT_LIBS_set=
ac_cv_env_LIBAVFORMAT_LIBS_value=
ac_cv_env_LIBAVUTIL_CFLAGS_set=
ac_cv_env_LIBAVUTIL_CFLAGS_value=
ac_cv_env_LIBAVUTIL_LIBS_set=
ac_cv_env_LIBAVUTIL_LIBS_value=
ac_cv_env_LIBNETEMBRYO_CFLAGS_set=
ac_cv_env_LIBNETEMBRYO_CFLAGS_value=
ac_cv_env_LIBNETEMBRYO_LIBS_set=
ac_cv_env_LIBNETEMBRYO_LIBS_value=
ac_cv_env_LIBS_set=
ac_cv_env_LIBS_value=
ac_cv_env_PKG_CONFIG_set=
ac_cv_env_PKG_CONFIG_value=
ac_cv_env_RAGELFLAGS_set=
ac_cv_env_RAGELFLAGS_value=
ac_cv_env_RAGEL_set=
ac_cv_env_RAGEL_value=
ac_cv_env_build_alias_set=
ac_cv_env_build_alias_value=
ac_cv_env_host_alias_set=
ac_cv_env_host_alias_value=
ac_cv_env_target_alias_set=
ac_cv_env_target_alias_value=
ac_cv_header_ev_h=yes
ac_cv_header_inttypes_h=yes
ac_cv_header_memory_h=yes
ac_cv_header_minix_config_h=no
ac_cv_header_stdc=yes
ac_cv_header_stdint_h=yes
ac_cv_header_stdlib_h=yes
ac_cv_header_string_h=yes
ac_cv_header_strings_h=yes
ac_cv_header_sys_socket_h=yes
ac_cv_header_sys_stat_h=yes
ac_cv_header_sys_types_h=yes
ac_cv_header_syslog_h=yes
ac_cv_header_unistd_h=yes
ac_cv_host=i686-pc-linux-gnu
ac_cv_lib_ev_ev_io_start=yes
ac_cv_objext=o
ac_cv_path_EGREP='/bin/grep -E'
ac_cv_path_GREP=/bin/grep
ac_cv_path_ac_pt_PKG_CONFIG=/usr/bin/pkg-config
ac_cv_path_install='/usr/bin/install -c'
ac_cv_path_mkdir=/bin/mkdir
ac_cv_prog_AWK=gawk
ac_cv_prog_CPP='gcc -std=gnu99 -E'
ac_cv_prog_RAGEL=ragel
ac_cv_prog_ac_ct_CC=gcc
ac_cv_prog_ac_ct_RANLIB=ranlib
ac_cv_prog_cc_c89=
ac_cv_prog_cc_c99=-std=gnu99
ac_cv_prog_cc_g=yes
ac_cv_prog_make_make_set=yes
ac_cv_safe_to_define___extensions__=yes
ac_cv_search_clock_gettime=-lrt
ac_cv_search_mq_open='none required'
ac_cv_type_struct_sctp_sndrcvinfo=no
ac_cv_type_struct_sockaddr_in6=yes
ac_cv_type_struct_sockaddr_storage=yes
am_cv_CC_dependencies_compiler_type=gcc3
cc_cv_attribute_destructor=yes
cc_cv_attribute_unused=yes
cc_cv_cflags__DG_DISABLE_ASSERT=yes
cc_cv_cflags__DNDEBUG=yes
cc_cv_cflags__Wall=yes
cc_cv_cflags__Werror=yes
cc_cv_cflags__Werror_implicit=yes
cc_cv_cflags__Werror_return_type=yes
cc_cv_cflags__Wformat_2=yes
cc_cv_cflags__Wwrite_strings=yes
cc_cv_werror=-Werror
pkg_cv_GLIB_CFLAGS='-pthread -I/usr/include/glib-2.0 -I/usr/lib/glib-2.0/include  '
pkg_cv_GLIB_LIBS='-pthread -lgthread-2.0 -lrt -lglib-2.0  '
pkg_cv_LIBAVFORMAT_CFLAGS='-I/home/xyc/work/tmp/lscube/ffmpeg_install//include  '
pkg_cv_LIBAVFORMAT_LIBS='-L/home/xyc/work/tmp/lscube/ffmpeg_install//lib -lavformat -lavcodec  '
pkg_cv_LIBAVUTIL_CFLAGS='-I/home/xyc/work/tmp/lscube/ffmpeg_install//include  '
pkg_cv_LIBAVUTIL_LIBS='-L/home/xyc/work/tmp/lscube/ffmpeg_install//lib -lavutil  '
pkg_cv_LIBNETEMBRYO_CFLAGS=' '
pkg_cv_LIBNETEMBRYO_LIBS='-lnetembryo  '

## ----------------- ##
## Output variables. ##
## ----------------- ##

ACLOCAL='${SHELL} /home/xyc/work/tmp/lscube/feng-2.1.0_rc1/config/missing --run aclocal-1.11'
AMDEPBACKSLASH='\'
AMDEP_FALSE='#'
AMDEP_TRUE=''
AMTAR='${SHELL} /home/xyc/work/tmp/lscube/feng-2.1.0_rc1/config/missing --run tar'
AM_BACKSLASH='\'
AM_DEFAULT_VERBOSITY='0'
AUTOCONF='${SHELL} /home/xyc/work/tmp/lscube/feng-2.1.0_rc1/config/missing --run autoconf'
AUTOHEADER='${SHELL} /home/xyc/work/tmp/lscube/feng-2.1.0_rc1/config/missing --run autoheader'
AUTOMAKE='${SHELL} /home/xyc/work/tmp/lscube/feng-2.1.0_rc1/config/missing --run automake-1.11'
AWK='gawk'
CC='gcc -std=gnu99'
CCDEPMODE='depmode=gcc3'
CFLAGS='-I/usr/local/include -pthread -I/usr/include/glib-2.0 -I/usr/lib/glib-2.0/include   -I/home/xyc/work/tmp/lscube/ffmpeg_install//include   -I/home/xyc/work/tmp/lscube/ffmpeg_install//include   -Wall -Wwrite-strings -Wformat=2 -Werror=implicit -Werror=return-type -DNDEBUG -DG_DISABLE_ASSERT'
CHANGELOG_REGEN_FALSE=''
CHANGELOG_REGEN_TRUE='#'
CPP='gcc -std=gnu99 -E'
CPPFLAGS=' -D_POSIX_C_SOURCE=200112L  '
CYGPATH_W='echo'
DEFS='-DHAVE_CONFIG_H'
DEPDIR='.deps'
ECHO_C=''
ECHO_N='-n'
ECHO_T=''
EGREP='/bin/grep -E'
EXEEXT=''
FENG_CPD_FALSE=''
FENG_CPD_TRUE='#'
FENICE_FFMPEG_FALSE='#'
FENICE_FFMPEG_TRUE=''
GIT=''
GLIB_CFLAGS='-pthread -I/usr/include/glib-2.0 -I/usr/lib/glib-2.0/include  '
GLIB_LIBS='-pthread -lgthread-2.0 -lrt -lglib-2.0  '
GREP='/bin/grep'
HAVE_RAGEL_FALSE='#'
HAVE_RAGEL_TRUE=''
HAVE_SCTP_FALSE=''
HAVE_SCTP_TRUE='#'
INSTALL_DATA='${INSTALL} -m 644'
INSTALL_PROGRAM='${INSTALL}'
INSTALL_SCRIPT='${INSTALL}'
INSTALL_STRIP_PROGRAM='$(install_sh) -c -s'
LDFLAGS='-L/usr/local/lib -lz'
LIBAVFORMAT_CFLAGS='-I/home/xyc/work/tmp/lscube/ffmpeg_install//include  '
LIBAVFORMAT_LIBS='-L/home/xyc/work/tmp/lscube/ffmpeg_install//lib -lavformat -lavcodec  '
LIBAVUTIL_CFLAGS='-I/home/xyc/work/tmp/lscube/ffmpeg_install//include  '
LIBAVUTIL_LIBS='-L/home/xyc/work/tmp/lscube/ffmpeg_install//lib -lavutil  '
LIBNETEMBRYO_CFLAGS=' '
LIBNETEMBRYO_LIBS='-lnetembryo  '
LIBNETEMBRYO_REQUIRES='libnetembryo >= 0.1.0'
LIBOBJS=''
LIBS='-lrt -lev   -lnetembryo   -pthread -lgthread-2.0 -lrt -lglib-2.0   -L/home/xyc/work/tmp/lscube/ffmpeg_install//lib -lavformat -lavcodec   -L/home/xyc/work/tmp/lscube/ffmpeg_install//lib -lavutil  '
LIVE_STREAMING_FALSE='#'
LIVE_STREAMING_TRUE=''
LTLIBOBJS=''
MAINT='#'
MAINTAINER_MODE_FALSE=''
MAINTAINER_MODE_TRUE='#'
MAKEINFO='${SHELL} /home/xyc/work/tmp/lscube/feng-2.1.0_rc1/config/missing --run makeinfo'
MKDIR_P='/bin/mkdir -p'
MYSQL_CFLAGS=''
MYSQL_CONFIG=''
MYSQL_LDFLAGS=''
MYSQL_VERSION=''
OBJEXT='o'
PACKAGE='feng'
PACKAGE_BUGREPORT=''
PACKAGE_NAME='feng'
PACKAGE_STRING='feng 2.1.0_rc1'
PACKAGE_TARNAME='feng'
PACKAGE_VERSION='2.1.0_rc1'
PATH_SEPARATOR=':'
PKG_CONFIG='/usr/bin/pkg-config'
RAGEL='ragel'
RAGELFLAGS=''
RANLIB='ranlib'
SCTP_LIBS=''
SET_MAKE=''
SHELL='/bin/sh'
STRIP=''
VERSION='2.1.0_rc1'
ac_ct_CC='gcc'
am__EXEEXT_FALSE=''
am__EXEEXT_TRUE='#'
am__fastdepCC_FALSE='#'
am__fastdepCC_TRUE=''
am__include='include'
am__isrc=''
am__leading_dot='.'
am__quote=''
am__tar='${AMTAR} chof - "$$tardir"'
am__untar='${AMTAR} xf -'
bindir='${exec_prefix}/bin'
build='i686-pc-linux-gnu'
build_alias=''
build_cpu='i686'
build_os='linux-gnu'
build_vendor='pc'
datadir='${datarootdir}'
datarootdir='${prefix}/share'
docdir='${datarootdir}/doc/${PACKAGE_TARNAME}'
dvidir='${docdir}'
exec_prefix='${prefix}'
feng_basedir='/var/feng'
feng_logdir='/var/log/feng'
feng_statedir='/var/lib/feng'
fenice_avroot_dir='/var/feng/avroot'
fenice_conf_dir='/etc'
fenice_conf_file='feng.conf'
fenice_docs_dir='${prefix}/share/doc/feng'
fenice_log_file='/var/log/feng.log'
fenice_max_session='100'
fenice_rtsp_port='554'
fenice_state_dir='NONE/var/feng'
host='i686-pc-linux-gnu'
host_alias=''
host_cpu='i686'
host_os='linux-gnu'
host_vendor='pc'
htmldir='${docdir}'
includedir='${prefix}/include'
infodir='${datarootdir}/info'
install_sh='${SHELL} /home/xyc/work/tmp/lscube/feng-2.1.0_rc1/config/install-sh'
libdir='${exec_prefix}/lib'
libexecdir='${exec_prefix}/libexec'
localedir='${datarootdir}/locale'
localstatedir='${prefix}/var'
mandir='${datarootdir}/man'
mkdir_p='/bin/mkdir -p'
oldincludedir='/usr/include'
pdfdir='${docdir}'
prefix='/usr'
program_transform_name='s,x,x,'
psdir='${docdir}'
sbindir='${exec_prefix}/sbin'
sharedstatedir='${prefix}/com'
sysconfdir='${prefix}/etc'
target_alias=''

## ----------- ##
## confdefs.h. ##
## ----------- ##

#define PACKAGE_NAME "feng"
#define PACKAGE_TARNAME "feng"
#define PACKAGE_VERSION "2.1.0_rc1"
#define PACKAGE_STRING "feng 2.1.0_rc1"
#define PACKAGE_BUGREPORT ""
#define PACKAGE "feng"
#define VERSION "2.1.0_rc1"
#define STDC_HEADERS 1
#define HAVE_SYS_TYPES_H 1
#define HAVE_SYS_STAT_H 1
#define HAVE_STDLIB_H 1
#define HAVE_STRING_H 1
#define HAVE_MEMORY_H 1
#define HAVE_STRINGS_H 1
#define HAVE_INTTYPES_H 1
#define HAVE_STDINT_H 1
#define HAVE_UNISTD_H 1
#define __EXTENSIONS__ 1
#define _ALL_SOURCE 1
#define _GNU_SOURCE 1
#define _POSIX_PTHREAD_SEMANTICS 1
#define _TANDEM_SOURCE 1
#define HAVE_EV_H 1
#define HAVE_LIBEV 1
#define HAVE_SYSLOG_H 1
#define HAVE_CLOCK_GETTIME 1
#define SUPPORT_ATTRIBUTE_DESTRUCTOR 1
#define HAVE_STRUCT_SOCKADDR_STORAGE 1
#define IPV6 1
#define HAVE_SYS_SOCKET_H 1
#define LIVE_STREAMING 1
#define HAVE_AVFORMAT /**/
#define HAVE_AVUTIL /**/
#define SUPPORT_ATTRIBUTE_UNUSED 1
#define ATTR_UNUSED __attribute__((__unused__))
#define FENICE_MAX_SESSION_DEFAULT 100
#define FENICE_RTSP_PORT_DEFAULT 554
#define FENICE_AVROOT_DIR_DEFAULT /var/feng/avroot
#define FENICE_AVROOT_DIR_DEFAULT_STR "/var/feng/avroot"
#define FENICE_CONF_FILE_DEFAULT feng.conf
#define FENICE_LOG_FILE_DEFAULT /var/log/feng.log
#define FENICE_LOG_FILE_DEFAULT_STR "/var/log/feng.log"
#define FENICE_CONF_DIR_DEFAULT /etc
#define FENICE_CONF_PATH_DEFAULT_STR "/etc/feng.conf"
#define FENICE_STATE_DIR NONE/var/feng
#define FENIC_STATE_DIR_STR "NONE/var/feng"

configure: exit 0
